  26++.cpp
C:\Programming\Practice\26\26++\26++\26++.cpp(103,12): warning C4244: аргумент: преобразование "time_t" в "unsigned int", возможна потеря данных
C:\Programming\Practice\26\26++\26++\26++.cpp(114,8): warning C4244: инициализация: преобразование "double" в "int", возможна потеря данных
C:\Programming\Practice\26\26++\26++\26++.cpp(129,9): warning C4244: инициализация: преобразование "double" в "int", возможна потеря данных
C:\Programming\Practice\26\26++\26++\26++.cpp(144,14): warning C4244: =: преобразование "_Ty" в "int", возможна потеря данных
          with
          [
              _Ty=double
          ]
C:\Programming\Practice\26\26++\26++\26++.cpp(145,14): warning C4244: =: преобразование "_Ty" в "int", возможна потеря данных
          with
          [
              _Ty=double
          ]
C:\Programming\Practice\26\26++\26++\26++.cpp(146,14): warning C4244: =: преобразование "_Ty" в "int", возможна потеря данных
          with
          [
              _Ty=double
          ]
  26++.vcxproj -> C:\Programming\Practice\26\26++\Debug\26++.exe
